0 info it worked if it ends with ok
1 verbose cli [ 'C:\\Program Files (x86)\\nodejs\\node.exe',
1 verbose cli   'C:\\Program Files (x86)\\nodejs\\node_modules\\npm\\bin\\npm-cli.js',
1 verbose cli   'run',
1 verbose cli   'build' ]
2 info using npm@3.10.10
3 info using node@v7.2.1
4 verbose run-script [ 'prebuild', 'build', 'postbuild' ]
5 info lifecycle web-ui@0.0.0~prebuild: web-ui@0.0.0
6 silly lifecycle web-ui@0.0.0~prebuild: no script for prebuild, continuing
7 info lifecycle web-ui@0.0.0~build: web-ui@0.0.0
8 verbose lifecycle web-ui@0.0.0~build: unsafe-perm in lifecycle true
9 verbose lifecycle web-ui@0.0.0~build: PATH: C:\Program Files (x86)\nodejs\node_modules\npm\bin\node-gyp-bin;F:\Midas-develop\Midas-develop\web-ui-with-angular-cli\node_modules\.bin;C:\Program Files\Microsoft MPI\Bin\;C:\WINDOWS\system32;C:\WINDOWS;C:\WINDOWS\System32\Wbem;C:\WINDOWS\System32\WindowsPowerShell\v1.0\;C:\Program Files\Microsoft SQL Server\120\DTS\Binn\;C:\Program Files\Microsoft SQL Server\Client SDK\ODBC\110\Tools\Binn\;C:\Program Files (x86)\Microsoft SQL Server\120\Tools\Binn\;C:\Program Files\Microsoft SQL Server\120\Tools\Binn\;C:\Program Files (x86)\Microsoft SQL Server\120\Tools\Binn\ManagementStudio\;C:\Program Files (x86)\Microsoft SQL Server\120\DTS\Binn\;C:\Program Files\Microsoft SQL Server\130\Tools\Binn\;C:\Program Files (x86)\Microsoft SQL Server\100\Tools\Binn\;C:\Program Files\Microsoft SQL Server\100\Tools\Binn\;C:\Program Files\Microsoft SQL Server\100\DTS\Binn\;C:\Program Files (x86)\nodejs\;C:\Program Files (x86)\Windows Kits\10\Windows Performance Toolkit\;C:\Program Files (x86)\Skype\Phone\;C:\Program Files\Git\cmd;C:\Program Files (x86)\Microsoft SQL Server\90\Tools\binn\;C:\Program Files (x86)\Microsoft SQL Server\130\Tools\Binn\;C:\Program Files (x86)\Microsoft SQL Server\130\DTS\Binn\;C:\Program Files\Microsoft SQL Server\130\DTS\Binn\;C:\Program Files\Microsoft SQL Server\Client SDK\ODBC\130\Tools\Binn\;C:\Program Files (x86)\Microsoft SQL Server\Client SDK\ODBC\130\Tools\Binn\;C:\Program Files (x86)\Microsoft SQL Server\140\Tools\Binn\;C:\Program Files (x86)\Microsoft SQL Server\140\DTS\Binn\;C:\Program Files (x86)\Microsoft SQL Server\140\Tools\Binn\ManagementStudio\;C:\Program Files\dotnet\;C:\Users\User\AppData\Roaming\npm;C:\Users\User\AppData\Local\Microsoft\WindowsApps;;C:\Program Files\Microsoft VS Code\bin
10 verbose lifecycle web-ui@0.0.0~build: CWD: F:\Midas-develop\Midas-develop\web-ui-with-angular-cli
11 silly lifecycle web-ui@0.0.0~build: Args: [ '/d /s /c',
11 silly lifecycle   'node --max_old_space_size=7192 ./node_modules/@angular/cli/bin/ng build --prod --aot --no-sourcemap' ]
12 silly lifecycle web-ui@0.0.0~build: Returned: code: 3  signal: null
13 info lifecycle web-ui@0.0.0~build: Failed to exec build script
14 verbose stack Error: web-ui@0.0.0 build: `node --max_old_space_size=7192 ./node_modules/@angular/cli/bin/ng build --prod --aot --no-sourcemap`
14 verbose stack Exit status 3
14 verbose stack     at EventEmitter.<anonymous> (C:\Program Files (x86)\nodejs\node_modules\npm\lib\utils\lifecycle.js:255:16)
14 verbose stack     at emitTwo (events.js:106:13)
14 verbose stack     at EventEmitter.emit (events.js:191:7)
14 verbose stack     at ChildProcess.<anonymous> (C:\Program Files (x86)\nodejs\node_modules\npm\lib\utils\spawn.js:40:14)
14 verbose stack     at emitTwo (events.js:106:13)
14 verbose stack     at ChildProcess.emit (events.js:191:7)
14 verbose stack     at maybeClose (internal/child_process.js:885:16)
14 verbose stack     at Process.ChildProcess._handle.onexit (internal/child_process.js:226:5)
15 verbose pkgid web-ui@0.0.0
16 verbose cwd F:\Midas-develop\Midas-develop\web-ui-with-angular-cli
17 error Windows_NT 10.0.16299
18 error argv "C:\\Program Files (x86)\\nodejs\\node.exe" "C:\\Program Files (x86)\\nodejs\\node_modules\\npm\\bin\\npm-cli.js" "run" "build"
19 error node v7.2.1
20 error npm  v3.10.10
21 error code ELIFECYCLE
22 error web-ui@0.0.0 build: `node --max_old_space_size=7192 ./node_modules/@angular/cli/bin/ng build --prod --aot --no-sourcemap`
22 error Exit status 3
23 error Failed at the web-ui@0.0.0 build script 'node --max_old_space_size=7192 ./node_modules/@angular/cli/bin/ng build --prod --aot --no-sourcemap'.
23 error Make sure you have the latest version of node.js and npm installed.
23 error If you do, this is most likely a problem with the web-ui package,
23 error not with npm itself.
23 error Tell the author that this fails on your system:
23 error     node --max_old_space_size=7192 ./node_modules/@angular/cli/bin/ng build --prod --aot --no-sourcemap
23 error You can get information on how to open an issue for this project with:
23 error     npm bugs web-ui
23 error Or if that isn't available, you can get their info via:
23 error     npm owner ls web-ui
23 error There is likely additional logging output above.
24 verbose exit [ 1, true ]
